<?xml version="1.0" encoding="UTF-8"?>
<testsuite xmlns:xsi="http://www.w3.org/2001/XMLSchema-instance" xsi:noNamespaceSchemaLocation="https://maven.apache.org/surefire/maven-surefire-plugin/xsd/surefire-test-report-3.0.xsd" version="3.0" name="CalculadoraTest" time="1.348" tests="12" errors="0" skipped="0" failures="0">
  <properties>
[...]
</properties>
  <testcase name="testMultiplicarPorCero" classname="CalculadoraTest" time="0.613">
    <system-out><![CDATA[Iniciando prueba...
Ejecutando testMultiplicarPorCero...
Probando multiplicación por cero: 7 * 0
Método multiplicar() llamado con a = 7, b = 0
Resultado de multiplicar: 0
Esperado: 0, Obtenido: 0
Prueba finalizada!
]]></system-out>
  </testcase>
  <testcase name="testRaizCuadradaNumeroNegativo" classname="CalculadoraTest" time="0.05">
    <system-out><![CDATA[Iniciando prueba...
Ejecutando testRaizCuadradaNumeroNegativo...
Probando raíz cuadrada de número negativo - se espera IllegalArgumentException
Método raizCuadrada() llamado con x = -4.0
⚠️ Error: no se puede calcular raíz cuadrada de número negativo.
Prueba finalizada!
]]></system-out>
  </testcase>
  <testcase name="testSumar" classname="CalculadoraTest" time="0.011">
    <system-out><![CDATA[Iniciando prueba...
Ejecutando testSumar...
Método sumar() llamado con a = 3, b = 4
Resultado de sumar: 7
Resultado: 7
Prueba finalizada!
]]></system-out>
  </testcase>
  <testcase name="testPorcentajeTotalCero" classname="CalculadoraTest" time="0.026">
    <system-out><![CDATA[Iniciando prueba...
Ejecutando testPorcentajeTotalCero...
Probando porcentaje con total = 0 - se espera ArithmeticException
Método porcentaje() llamado con parte = 50, total = 0
⚠️ Error: intento de división por cero en porcentaje.
Prueba finalizada!
]]></system-out>
  </testcase>
  <testcase name="testRaizCuadrada" classname="CalculadoraTest" time="0.036">
    <system-out><![CDATA[Iniciando prueba...
Ejecutando testRaizCuadrada...
Probando raíz cuadrada normal: √16
Método raizCuadrada() llamado con x = 16.0
Resultado de raizCuadrada: 4.0
Esperado: 4.0, Obtenido: 4.0
Prueba finalizada!
]]></system-out>
  </testcase>
  <testcase name="testMultiplicar" classname="CalculadoraTest" time="0.072">
    <system-out><![CDATA[Iniciando prueba...
Ejecutando testMultiplicar...
Probando multiplicación normal: 4 * 5
Método multiplicar() llamado con a = 4, b = 5
Resultado de multiplicar: 20
Esperado: 20, Obtenido: 20
Prueba finalizada!
]]></system-out>
  </testcase>
  <testcase name="testMultiplicarNegativos" classname="CalculadoraTest" time="0.019">
    <system-out><![CDATA[Iniciando prueba...
Ejecutando testMultiplicarNegativos...
Probando multiplicación de negativos: -3 * -4
Método multiplicar() llamado con a = -3, b = -4
Resultado de multiplicar: 12
Esperado: 12, Obtenido: 12
Prueba finalizada!
]]></system-out>
  </testcase>
  <testcase name="testDividirPorCero" classname="CalculadoraTest" time="0.032">
    <system-out><![CDATA[Iniciando prueba...
Ejecutando testDividirPorCero...
Probando división por cero - se espera ArithmeticException
Método dividir() llamado con a = 10, b = 0
⚠️ Error: intento de división por cero.
Prueba finalizada!
]]></system-out>
  </testcase>
  <testcase name="testDividir" classname="CalculadoraTest" time="0.023">
    <system-out><![CDATA[Iniciando prueba...
Ejecutando testDividir...
Método dividir() llamado con a = 12, b = 4
Resultado de dividir: 3
Resultado: 3
Prueba finalizada!
]]></system-out>
  </testcase>
  <testcase name="testRestar" classname="CalculadoraTest" time="0.006">
    <system-out><![CDATA[Iniciando prueba...
Ejecutando testRestar...
Probando resta normal: 10 - 3
Método restar() llamado con a = 10, b = 3
Resultado de restar: 7
Esperado: 7, Obtenido: 7
Prueba finalizada!
]]></system-out>
  </testcase>
  <testcase name="testPorcentaje" classname="CalculadoraTest" time="0.029">
    <system-out><![CDATA[Iniciando prueba...
Ejecutando testPorcentaje...
Probando porcentaje normal: 25 de 100
Método porcentaje() llamado con parte = 25, total = 100
Resultado de porcentaje: 25.0%
Esperado: 25.0, Obtenido: 25.0
Prueba finalizada!
]]></system-out>
  </testcase>
  <testcase name="testRestarNumerosNegativos" classname="CalculadoraTest" time="0.009">
    <system-out><![CDATA[Iniciando prueba...
Ejecutando testRestarNumerosNegativos...
Probando resta con números negativos: -5 - (-3)
Método restar() llamado con a = -5, b = -3
Resultado de restar: -2
Esperado: -2, Obtenido: -2
Prueba finalizada!
]]></system-out>
  </testcase>
</testsuite>